[2020-05-23T20:50:24.672] [INFO] api-images - Subiendo imagen
[2020-05-23T20:51:59.197] [INFO] api-images - Subiendo imagen
[2020-05-23T20:51:59.211] [INFO] api-images -  Imagen almacenada en tmp
[2020-05-23T20:52:25.775] [INFO] api-images - Subiendo imagen
[2020-05-23T20:52:25.780] [INFO] api-images -  Imagen almacenada en tmp
[2020-05-23T20:53:55.764] [INFO] api-images - Subiendo imagen
[2020-05-23T20:53:55.777] [INFO] api-images - Imagen 1590285235770-Captura de Pantalla 2020-03-09 a la(s) 22.43.42.png almacenada exitosamente en tmp
[2020-05-24T17:23:48.856] [INFO] api-images - Gestionando imagen
[2020-05-24T17:23:48.873] [INFO] api-images - Imagen 1590359028866-Captura de Pantalla 2020-03-09 a la(s) 22.43.42.png almacenada exitosamente en tmp
[2020-05-24T17:25:30.612] [INFO] api-images - Gestionando imagen
[2020-05-24T17:25:30.625] [INFO] api-images - Imagen 1590359130619-Captura de Pantalla 2020-03-17 a la(s) 14.03.39.png almacenada exitosamente en tmp
[2020-05-24T17:25:54.544] [INFO] api-images - Gestionando imagen
[2020-05-24T17:25:54.562] [INFO] api-images - Imagen 1590359154554-Captura de Pantalla 2020-03-17 a la(s) 14.03.39.png almacenada exitosamente en tmp
[2020-05-24T17:26:38.911] [INFO] api-images - Gestionando imagen
[2020-05-24T17:26:38.924] [INFO] api-images - Imagen 1590359198919-Captura de Pantalla 2020-03-17 a la(s) 14.03.39.png almacenada exitosamente en tmp
[2020-05-24T17:26:38.929] [ERROR] api-images - [Error: ENOENT: no such file or directory, stat '/1590359198919-Captura de Pantalla 2020-03-17 a la(s) 14.03.39.png'] {
  errno: -2,
  code: 'ENOENT',
  syscall: 'stat',
  path: '/1590359198919-Captura de Pantalla 2020-03-17 a la(s) 14.03.39.png'
}
[2020-05-24T17:27:39.896] [INFO] api-images - Gestionando imagen
[2020-05-24T17:27:39.911] [INFO] api-images - Imagen 1590359259905-Captura de Pantalla 2020-03-17 a la(s) 14.03.39.png almacenada exitosamente en tmp
[2020-05-24T17:27:39.916] [ERROR] api-images - [Error: ENOENT: no such file or directory, stat '/1590359259905-Captura de Pantalla 2020-03-17 a la(s) 14.03.39.png'] {
  errno: -2,
  code: 'ENOENT',
  syscall: 'stat',
  path: '/1590359259905-Captura de Pantalla 2020-03-17 a la(s) 14.03.39.png'
}
[2020-05-24T17:28:17.049] [INFO] api-images - Gestionando imagen
[2020-05-24T17:28:17.061] [INFO] api-images - Imagen 1590359297055-Captura de Pantalla 2020-03-17 a la(s) 14.03.39.png almacenada exitosamente en tmp
[2020-05-24T17:28:17.067] [INFO] api-images - La imagen de movio al directorio final
[2020-05-24T17:29:30.734] [INFO] api-images - Gestionando imagen
[2020-05-24T17:29:30.752] [INFO] api-images - Imagen 1590359370743-Captura de Pantalla 2020-03-17 a la(s) 14.03.39.png almacenada exitosamente en tmp
[2020-05-24T17:29:30.759] [INFO] api-images - La imagen de movio al directorio final
[2020-05-24T17:30:09.783] [INFO] api-images - Gestionando imagen
[2020-05-24T17:30:09.797] [INFO] api-images - Imagen 1590359409791-Captura de Pantalla 2020-03-17 a la(s) 14.03.39.png almacenada exitosamente en tmp
[2020-05-24T17:30:09.804] [INFO] api-images - La imagen de movio al directorio final
[2020-05-24T17:30:09.804] [ERROR] api-images - ReferenceError: move is not defined
    at /Volumes/SSDRAY/development_/nodejs/api-manage-images/services/manager_image.service.js:17:21
[2020-05-24T17:30:30.159] [INFO] api-images - Gestionando imagen
[2020-05-24T17:30:30.172] [INFO] api-images - Imagen 1590359430166-Captura de Pantalla 2020-03-17 a la(s) 14.03.39.png almacenada exitosamente en tmp
[2020-05-24T17:30:30.179] [INFO] api-images - La imagen de movio al directorio final
[2020-05-24T17:30:30.179] [ERROR] api-images - ReferenceError: move is not defined
    at /Volumes/SSDRAY/development_/nodejs/api-manage-images/services/manager_image.service.js:17:21
[2020-05-24T17:31:05.522] [INFO] api-images - Gestionando imagen
[2020-05-24T17:31:05.641] [INFO] api-images - Imagen 1590359465531-Captura de Pantalla 2020-03-17 a la(s) 14.03.39.png almacenada exitosamente en tmp
[2020-05-24T17:31:06.073] [INFO] api-images - La imagen de movio al directorio final
[2020-05-24T17:37:52.545] [INFO] api-images - Gestionando imagen
[2020-05-24T17:37:52.563] [INFO] api-images - Imagen 1590359872556-Captura de Pantalla 2020-03-17 a la(s) 14.03.39.png almacenada exitosamente en tmp
[2020-05-24T17:37:52.570] [INFO] api-images - La imagen de movio al directorio final
[2020-05-24T17:39:06.678] [INFO] api-images - Gestionando imagen
[2020-05-24T17:39:06.691] [INFO] api-images - Imagen 1590359946686-Captura de Pantalla 2020-03-17 a la(s) 14.03.39.png almacenada exitosamente en tmp
[2020-05-24T17:39:06.698] [INFO] api-images - La imagen de movio al directorio final
[2020-05-24T17:40:01.966] [INFO] api-images - Gestionando imagen
[2020-05-24T17:40:01.979] [INFO] api-images - Imagen 1590360001972-Captura de Pantalla 2020-03-17 a la(s) 14.03.39.png almacenada exitosamente en tmp
[2020-05-24T17:40:01.985] [INFO] api-images - La imagen de movio al directorio final
[2020-05-24T17:49:23.372] [INFO] api-images - Gestionando imagen
[2020-05-24T17:49:42.286] [INFO] api-images - Gestionando imagen
[2020-05-24T17:50:44.093] [INFO] api-images - Gestionando imagen
[2020-05-24T18:05:02.680] [INFO] api-images - Gestionando imagen
[2020-05-24T18:05:23.060] [INFO] api-images - Gestionando imagen
[2020-05-24T18:05:23.076] [INFO] api-images - Imagen 1590361523062-Captura de Pantalla 2020-03-25 a la(s) 13.48.09.png almacenada exitosamente en tmp
[2020-05-24T18:05:23.079] [INFO] api-images - La imagen de movio al directorio final
[2020-05-24T18:09:31.183] [INFO] api-images - UPLOAD CONTROLLER
[2020-05-24T18:09:31.197] [INFO] api-images - Imagen 1590361771190-Captura de Pantalla 2020-03-25 a la(s) 13.48.09.png almacenada exitosamente en tmp
[2020-05-24T18:09:31.200] [INFO] api-images - La imagen de movio al directorio final
[2020-05-24T18:10:06.090] [INFO] api-images - UPLOAD CONTROLLER
[2020-05-24T18:10:06.099] [INFO] api-images - Imagen 1590361806092-Captura de Pantalla 2020-03-25 a la(s) 13.48.09.png almacenada exitosamente en tmp
[2020-05-24T18:10:06.101] [INFO] api-images - La imagen de movio al directorio final
[2020-05-24T18:10:25.458] [INFO] api-images - UPLOAD CONTROLLER
[2020-05-24T18:12:03.917] [INFO] api-images - UPLOAD CONTROLLER
[2020-05-24T18:12:03.928] [ERROR] api-images - Error
    at DiskStorage.filename [as getFilename] (/Volumes/SSDRAY/development_/nodejs/api-manage-images/controllers/upload_image.controller.js:14:23)
    at /Volumes/SSDRAY/development_/nodejs/api-manage-images/node_modules/multer/storage/disk.js:34:10
    at DiskStorage.destination [as getDestination] (/Volumes/SSDRAY/development_/nodejs/api-manage-images/controllers/upload_image.controller.js:8:9)
    at DiskStorage._handleFile (/Volumes/SSDRAY/development_/nodejs/api-manage-images/node_modules/multer/storage/disk.js:31:8)
    at /Volumes/SSDRAY/development_/nodejs/api-manage-images/node_modules/multer/lib/make-middleware.js:144:17
    at allowAll (/Volumes/SSDRAY/development_/nodejs/api-manage-images/node_modules/multer/index.js:8:3)
    at wrappedFileFilter (/Volumes/SSDRAY/development_/nodejs/api-manage-images/node_modules/multer/index.js:44:7)
    at Busboy.<anonymous> (/Volumes/SSDRAY/development_/nodejs/api-manage-images/node_modules/multer/lib/make-middleware.js:114:7)
    at Busboy.emit (events.js:311:20)
    at Busboy.emit (/Volumes/SSDRAY/development_/nodejs/api-manage-images/node_modules/busboy/lib/main.js:38:33) {
  code: 'filetype',
  storageErrors: []
}
[2020-05-24T18:14:06.681] [INFO] api-images - UPLOAD CONTROLLER
[2020-05-24T18:14:06.691] [ERROR] api-images - Error: unsupported image type
    at DiskStorage.filename [as getFilename] (/Volumes/SSDRAY/development_/nodejs/api-manage-images/controllers/upload_image.controller.js:14:23)
    at /Volumes/SSDRAY/development_/nodejs/api-manage-images/node_modules/multer/storage/disk.js:34:10
    at DiskStorage.destination [as getDestination] (/Volumes/SSDRAY/development_/nodejs/api-manage-images/controllers/upload_image.controller.js:8:9)
    at DiskStorage._handleFile (/Volumes/SSDRAY/development_/nodejs/api-manage-images/node_modules/multer/storage/disk.js:31:8)
    at /Volumes/SSDRAY/development_/nodejs/api-manage-images/node_modules/multer/lib/make-middleware.js:144:17
    at allowAll (/Volumes/SSDRAY/development_/nodejs/api-manage-images/node_modules/multer/index.js:8:3)
    at wrappedFileFilter (/Volumes/SSDRAY/development_/nodejs/api-manage-images/node_modules/multer/index.js:44:7)
    at Busboy.<anonymous> (/Volumes/SSDRAY/development_/nodejs/api-manage-images/node_modules/multer/lib/make-middleware.js:114:7)
    at Busboy.emit (events.js:311:20)
    at Busboy.emit (/Volumes/SSDRAY/development_/nodejs/api-manage-images/node_modules/busboy/lib/main.js:38:33) {
  code: '400',
  message: 'unsupported image type',
  storageErrors: []
}
[2020-05-24T18:29:45.977] [INFO] api-images - UPLOAD CONTROLLER
[2020-05-24T18:37:03.580] [INFO] api-images - UPLOAD CONTROLLER
[2020-05-24T18:37:22.193] [INFO] api-images - UPLOAD CONTROLLER
[2020-05-24T18:38:03.351] [INFO] api-images - UPLOAD CONTROLLER
[2020-05-24T18:38:43.281] [INFO] api-images - UPLOAD CONTROLLER
[2020-05-24T18:40:37.047] [INFO] api-images - UPLOAD CONTROLLER
[2020-05-24T18:42:09.269] [INFO] api-images - UPLOAD CONTROLLER
[2020-05-24T18:42:30.186] [INFO] api-images - UPLOAD CONTROLLER
[2020-05-24T18:42:47.165] [INFO] api-images - UPLOAD CONTROLLER
[2020-05-24T18:43:18.486] [INFO] api-images - UPLOAD CONTROLLER
[2020-05-24T18:43:58.261] [INFO] api-images - UPLOAD CONTROLLER
[2020-05-24T18:44:23.340] [INFO] api-images - UPLOAD CONTROLLER
[2020-05-24T18:44:46.796] [INFO] api-images - UPLOAD CONTROLLER
[2020-05-24T18:45:54.786] [INFO] api-images - UPLOAD CONTROLLER
[2020-05-24T18:45:54.788] [ERROR] api-images - There are no files
[2020-05-24T18:46:28.342] [INFO] api-images - UPLOAD CONTROLLER
[2020-05-24T18:46:28.343] [ERROR] api-images - There are no files to upload
[2020-05-24T18:47:06.263] [INFO] api-images - UPLOAD CONTROLLER
[2020-05-24T18:47:06.263] [ERROR] api-images - There are no files to upload
[2020-05-24T18:47:42.409] [INFO] api-images - UPLOAD CONTROLLER
[2020-05-24T18:47:42.411] [ERROR] api-images - There are no files to upload
[2020-05-24T18:47:56.769] [INFO] api-images - UPLOAD CONTROLLER
[2020-05-24T18:47:56.770] [ERROR] api-images - There are no files to upload
[2020-05-24T18:48:17.857] [INFO] api-images - UPLOAD CONTROLLER
[2020-05-24T18:49:10.697] [INFO] api-images - UPLOAD CONTROLLER
[2020-05-24T18:50:34.775] [INFO] api-images - UPLOAD CONTROLLER
[2020-05-24T18:50:34.790] [INFO] api-images - Imagen 1590364234782-product-002.jpg almacenada exitosamente en tmp
[2020-05-24T18:50:34.792] [INFO] api-images - La imagen de movio al directorio final
[2020-05-24T18:50:45.722] [INFO] api-images - UPLOAD CONTROLLER
[2020-05-24T18:50:45.734] [INFO] api-images - Imagen 1590364245729-product-002.jpg almacenada exitosamente en tmp
[2020-05-24T18:50:45.738] [INFO] api-images - La imagen de movio al directorio final
[2020-05-24T18:50:49.279] [INFO] api-images - UPLOAD CONTROLLER
[2020-05-24T18:50:49.288] [INFO] api-images - Imagen 1590364249281-product-002.jpg almacenada exitosamente en tmp
[2020-05-24T18:50:49.289] [INFO] api-images - La imagen de movio al directorio final
[2020-05-24T18:50:49.876] [INFO] api-images - UPLOAD CONTROLLER
[2020-05-24T18:50:49.879] [INFO] api-images - Imagen 1590364249877-product-002.jpg almacenada exitosamente en tmp
[2020-05-24T18:50:49.881] [INFO] api-images - La imagen de movio al directorio final
[2020-05-24T18:50:51.340] [INFO] api-images - UPLOAD CONTROLLER
[2020-05-24T18:50:51.350] [INFO] api-images - Imagen 1590364251342-product-002.jpg almacenada exitosamente en tmp
[2020-05-24T18:50:51.352] [INFO] api-images - La imagen de movio al directorio final
[2020-05-24T18:51:29.822] [INFO] api-images - UPLOAD CONTROLLER
[2020-05-24T18:51:29.832] [ERROR] api-images - Error: unsupported image type
    at DiskStorage.filename [as getFilename] (/Volumes/SSDRAY/development_/nodejs/api-manage-images/controllers/upload_image.controller.js:23:23)
    at /Volumes/SSDRAY/development_/nodejs/api-manage-images/node_modules/multer/storage/disk.js:34:10
    at DiskStorage.destination [as getDestination] (/Volumes/SSDRAY/development_/nodejs/api-manage-images/controllers/upload_image.controller.js:10:9)
    at DiskStorage._handleFile (/Volumes/SSDRAY/development_/nodejs/api-manage-images/node_modules/multer/storage/disk.js:31:8)
    at /Volumes/SSDRAY/development_/nodejs/api-manage-images/node_modules/multer/lib/make-middleware.js:144:17
    at allowAll (/Volumes/SSDRAY/development_/nodejs/api-manage-images/node_modules/multer/index.js:8:3)
    at wrappedFileFilter (/Volumes/SSDRAY/development_/nodejs/api-manage-images/node_modules/multer/index.js:44:7)
    at Busboy.<anonymous> (/Volumes/SSDRAY/development_/nodejs/api-manage-images/node_modules/multer/lib/make-middleware.js:114:7)
    at Busboy.emit (events.js:311:20)
    at Busboy.emit (/Volumes/SSDRAY/development_/nodejs/api-manage-images/node_modules/busboy/lib/main.js:38:33) {
  code: '400',
  message: 'unsupported image type',
  storageErrors: []
}
[2020-05-24T18:52:00.254] [INFO] api-images - UPLOAD CONTROLLER
[2020-05-24T18:52:00.266] [ERROR] api-images - Error: unsupported image type
    at DiskStorage.filename [as getFilename] (/Volumes/SSDRAY/development_/nodejs/api-manage-images/controllers/upload_image.controller.js:22:23)
    at /Volumes/SSDRAY/development_/nodejs/api-manage-images/node_modules/multer/storage/disk.js:34:10
    at DiskStorage.destination [as getDestination] (/Volumes/SSDRAY/development_/nodejs/api-manage-images/controllers/upload_image.controller.js:10:9)
    at DiskStorage._handleFile (/Volumes/SSDRAY/development_/nodejs/api-manage-images/node_modules/multer/storage/disk.js:31:8)
    at /Volumes/SSDRAY/development_/nodejs/api-manage-images/node_modules/multer/lib/make-middleware.js:144:17
    at allowAll (/Volumes/SSDRAY/development_/nodejs/api-manage-images/node_modules/multer/index.js:8:3)
    at wrappedFileFilter (/Volumes/SSDRAY/development_/nodejs/api-manage-images/node_modules/multer/index.js:44:7)
    at Busboy.<anonymous> (/Volumes/SSDRAY/development_/nodejs/api-manage-images/node_modules/multer/lib/make-middleware.js:114:7)
    at Busboy.emit (events.js:311:20)
    at Busboy.emit (/Volumes/SSDRAY/development_/nodejs/api-manage-images/node_modules/busboy/lib/main.js:38:33) {
  code: '400',
  message: 'unsupported image type',
  storageErrors: []
}
[2020-05-24T18:52:07.617] [INFO] api-images - UPLOAD CONTROLLER
[2020-05-24T18:52:19.484] [INFO] api-images - UPLOAD CONTROLLER
[2020-05-24T18:52:19.495] [ERROR] api-images - Error: unsupported image type
    at DiskStorage.filename [as getFilename] (/Volumes/SSDRAY/development_/nodejs/api-manage-images/controllers/upload_image.controller.js:22:23)
    at /Volumes/SSDRAY/development_/nodejs/api-manage-images/node_modules/multer/storage/disk.js:34:10
    at DiskStorage.destination [as getDestination] (/Volumes/SSDRAY/development_/nodejs/api-manage-images/controllers/upload_image.controller.js:10:9)
    at DiskStorage._handleFile (/Volumes/SSDRAY/development_/nodejs/api-manage-images/node_modules/multer/storage/disk.js:31:8)
    at /Volumes/SSDRAY/development_/nodejs/api-manage-images/node_modules/multer/lib/make-middleware.js:144:17
    at allowAll (/Volumes/SSDRAY/development_/nodejs/api-manage-images/node_modules/multer/index.js:8:3)
    at wrappedFileFilter (/Volumes/SSDRAY/development_/nodejs/api-manage-images/node_modules/multer/index.js:44:7)
    at Busboy.<anonymous> (/Volumes/SSDRAY/development_/nodejs/api-manage-images/node_modules/multer/lib/make-middleware.js:114:7)
    at Busboy.emit (events.js:311:20)
    at Busboy.emit (/Volumes/SSDRAY/development_/nodejs/api-manage-images/node_modules/busboy/lib/main.js:38:33) {
  code: '400',
  message: 'unsupported image type',
  storageErrors: []
}
[2020-05-24T18:52:45.420] [INFO] api-images - UPLOAD CONTROLLER
[2020-05-24T18:52:45.429] [ERROR] api-images - Error: unsupported image type
    at DiskStorage.filename [as getFilename] (/Volumes/SSDRAY/development_/nodejs/api-manage-images/controllers/upload_image.controller.js:22:23)
    at /Volumes/SSDRAY/development_/nodejs/api-manage-images/node_modules/multer/storage/disk.js:34:10
    at DiskStorage.destination [as getDestination] (/Volumes/SSDRAY/development_/nodejs/api-manage-images/controllers/upload_image.controller.js:10:9)
    at DiskStorage._handleFile (/Volumes/SSDRAY/development_/nodejs/api-manage-images/node_modules/multer/storage/disk.js:31:8)
    at /Volumes/SSDRAY/development_/nodejs/api-manage-images/node_modules/multer/lib/make-middleware.js:144:17
    at allowAll (/Volumes/SSDRAY/development_/nodejs/api-manage-images/node_modules/multer/index.js:8:3)
    at wrappedFileFilter (/Volumes/SSDRAY/development_/nodejs/api-manage-images/node_modules/multer/index.js:44:7)
    at Busboy.<anonymous> (/Volumes/SSDRAY/development_/nodejs/api-manage-images/node_modules/multer/lib/make-middleware.js:114:7)
    at Busboy.emit (events.js:311:20)
    at Busboy.emit (/Volumes/SSDRAY/development_/nodejs/api-manage-images/node_modules/busboy/lib/main.js:38:33) {
  code: '400',
  message: 'unsupported image type',
  storageErrors: []
}
[2020-05-24T18:52:50.074] [INFO] api-images - UPLOAD CONTROLLER
[2020-05-24T18:53:10.642] [INFO] api-images - UPLOAD CONTROLLER
[2020-05-24T18:53:52.564] [INFO] api-images - UPLOAD CONTROLLER
[2020-05-24T18:53:52.577] [INFO] api-images - Imagen 1590364432571-product-003.jpg almacenada exitosamente en tmp
[2020-05-24T18:53:52.580] [INFO] api-images - La imagen de movio al directorio final
[2020-05-24T18:53:56.633] [INFO] api-images - UPLOAD CONTROLLER
[2020-05-24T18:54:18.282] [INFO] api-images - UPLOAD CONTROLLER
[2020-05-24T18:54:27.106] [INFO] api-images - UPLOAD CONTROLLER
[2020-05-24T18:54:47.382] [INFO] api-images - UPLOAD CONTROLLER
[2020-05-24T18:54:59.472] [INFO] api-images - UPLOAD CONTROLLER
[2020-05-24T18:54:59.474] [ERROR] api-images - There are no files to upload
[2020-05-24T18:55:01.385] [INFO] api-images - UPLOAD CONTROLLER
[2020-05-24T18:55:01.386] [ERROR] api-images - There are no files to upload
[2020-05-24T18:55:01.964] [INFO] api-images - UPLOAD CONTROLLER
[2020-05-24T18:55:01.965] [ERROR] api-images - There are no files to upload
[2020-05-24T18:55:02.388] [INFO] api-images - UPLOAD CONTROLLER
[2020-05-24T18:55:02.388] [ERROR] api-images - There are no files to upload
[2020-05-24T18:55:09.137] [INFO] api-images - UPLOAD CONTROLLER
[2020-05-24T18:55:09.138] [ERROR] api-images - There are no files to upload
[2020-05-24T18:55:11.425] [INFO] api-images - UPLOAD CONTROLLER
[2020-05-24T18:55:11.425] [ERROR] api-images - There are no files to upload
[2020-05-24T18:55:12.122] [INFO] api-images - UPLOAD CONTROLLER
[2020-05-24T18:55:12.123] [ERROR] api-images - There are no files to upload
[2020-05-24T18:55:22.770] [INFO] api-images - UPLOAD CONTROLLER
[2020-05-24T18:55:22.770] [ERROR] api-images - There are no files to upload
[2020-05-24T18:55:23.492] [INFO] api-images - UPLOAD CONTROLLER
[2020-05-24T18:55:23.492] [ERROR] api-images - There are no files to upload
[2020-05-24T18:55:40.870] [INFO] api-images - UPLOAD CONTROLLER
[2020-05-24T18:55:40.883] [INFO] api-images - Imagen 1590364540877-Captura de Pantalla 2020-03-09 a la(s) 14.25.28.png almacenada exitosamente en tmp
[2020-05-24T18:55:40.886] [INFO] api-images - La imagen de movio al directorio final
[2020-05-24T18:58:22.880] [INFO] api-images - UPLOAD CONTROLLER
[2020-05-24T18:58:47.951] [INFO] api-images - UPLOAD CONTROLLER
[2020-05-24T18:58:53.210] [INFO] api-images - UPLOAD CONTROLLER
[2020-05-24T19:01:17.017] [INFO] api-images - UPLOAD CONTROLLER
[2020-05-24T19:01:17.029] [ERROR] api-images - There are no files to upload
[2020-05-24T19:06:47.700] [INFO] api-images - UPLOAD CONTROLLER
[2020-05-24T19:06:47.727] [ERROR] api-images - MulterError: File too large
    at abortWithCode (/Volumes/SSDRAY/development_/nodejs/api-manage-images/node_modules/multer/lib/make-middleware.js:79:22)
    at FileStream.<anonymous> (/Volumes/SSDRAY/development_/nodejs/api-manage-images/node_modules/multer/lib/make-middleware.js:141:11)
    at FileStream.emit (events.js:311:20)
    at PartStream.onData (/Volumes/SSDRAY/development_/nodejs/api-manage-images/node_modules/busboy/lib/types/multipart.js:220:18)
    at PartStream.emit (events.js:311:20)
    at addChunk (_stream_readable.js:294:12)
    at readableAddChunk (_stream_readable.js:275:11)
    at PartStream.Readable.push (_stream_readable.js:209:10)
    at Dicer._oninfo (/Volumes/SSDRAY/development_/nodejs/api-manage-images/node_modules/dicer/lib/Dicer.js:191:36)
    at SBMH.<anonymous> (/Volumes/SSDRAY/development_/nodejs/api-manage-images/node_modules/dicer/lib/Dicer.js:127:10) {
  name: 'MulterError',
  message: 'File too large',
  code: 'LIMIT_FILE_SIZE',
  field: 'company_picture',
  storageErrors: []
}
[2020-05-24T19:12:39.405] [INFO] api-images - UPLOAD CONTROLLER
[2020-05-24T19:12:39.433] [ERROR] api-images - MulterError: File too large
    at abortWithCode (/Volumes/SSDRAY/development_/nodejs/api-manage-images/node_modules/multer/lib/make-middleware.js:79:22)
    at FileStream.<anonymous> (/Volumes/SSDRAY/development_/nodejs/api-manage-images/node_modules/multer/lib/make-middleware.js:141:11)
    at FileStream.emit (events.js:311:20)
    at PartStream.onData (/Volumes/SSDRAY/development_/nodejs/api-manage-images/node_modules/busboy/lib/types/multipart.js:220:18)
    at PartStream.emit (events.js:311:20)
    at addChunk (_stream_readable.js:294:12)
    at readableAddChunk (_stream_readable.js:275:11)
    at PartStream.Readable.push (_stream_readable.js:209:10)
    at Dicer._oninfo (/Volumes/SSDRAY/development_/nodejs/api-manage-images/node_modules/dicer/lib/Dicer.js:191:36)
    at SBMH.<anonymous> (/Volumes/SSDRAY/development_/nodejs/api-manage-images/node_modules/dicer/lib/Dicer.js:127:10) {
  name: 'MulterError',
  message: 'File too large',
  code: 'LIMIT_FILE_SIZE',
  field: 'company_picture',
  storageErrors: []
}
[2020-05-24T19:12:58.609] [INFO] api-images - UPLOAD CONTROLLER
[2020-05-24T19:13:27.713] [INFO] api-images - UPLOAD CONTROLLER
[2020-05-24T19:13:35.768] [INFO] api-images - UPLOAD CONTROLLER
[2020-05-24T19:13:53.125] [INFO] api-images - UPLOAD CONTROLLER
[2020-05-24T19:13:53.166] [ERROR] api-images - { code: '400', message: 'File too large', error: '' }
[2020-05-24T19:13:53.913] [INFO] api-images - UPLOAD CONTROLLER
[2020-05-24T19:13:53.929] [ERROR] api-images - { code: '400', message: 'File too large', error: '' }
[2020-05-24T19:13:54.704] [INFO] api-images - UPLOAD CONTROLLER
[2020-05-24T19:13:54.757] [ERROR] api-images - { code: '400', message: 'File too large', error: '' }
[2020-05-24T19:13:55.334] [INFO] api-images - UPLOAD CONTROLLER
[2020-05-24T19:13:55.343] [ERROR] api-images - { code: '400', message: 'File too large', error: '' }
[2020-05-24T19:13:55.795] [INFO] api-images - UPLOAD CONTROLLER
[2020-05-24T19:13:55.821] [ERROR] api-images - { code: '400', message: 'File too large', error: '' }
[2020-05-24T19:13:56.170] [INFO] api-images - UPLOAD CONTROLLER
[2020-05-24T19:13:56.180] [ERROR] api-images - { code: '400', message: 'File too large', error: '' }
[2020-05-24T19:13:56.563] [INFO] api-images - UPLOAD CONTROLLER
[2020-05-24T19:13:56.572] [ERROR] api-images - { code: '400', message: 'File too large', error: '' }
[2020-05-24T19:13:56.885] [INFO] api-images - UPLOAD CONTROLLER
[2020-05-24T19:13:56.945] [ERROR] api-images - { code: '400', message: 'File too large', error: '' }
[2020-05-24T19:13:57.229] [INFO] api-images - UPLOAD CONTROLLER
[2020-05-24T19:13:57.248] [ERROR] api-images - { code: '400', message: 'File too large', error: '' }
[2020-05-24T19:14:01.800] [INFO] api-images - UPLOAD CONTROLLER
[2020-05-24T19:14:01.809] [ERROR] api-images - { code: '400', message: 'File too large', error: '' }
[2020-05-24T19:14:02.457] [INFO] api-images - UPLOAD CONTROLLER
[2020-05-24T19:14:02.466] [ERROR] api-images - { code: '400', message: 'File too large', error: '' }
[2020-05-24T19:14:06.862] [INFO] api-images - UPLOAD CONTROLLER
[2020-05-24T19:14:06.934] [ERROR] api-images - { code: '400', message: 'File too large', error: '' }
[2020-05-24T19:14:17.249] [INFO] api-images - UPLOAD CONTROLLER
[2020-05-24T19:14:17.257] [ERROR] api-images - { code: '400', message: 'File too large', error: '' }
[2020-05-24T19:14:49.517] [INFO] api-images - UPLOAD CONTROLLER
[2020-05-24T19:14:49.525] [ERROR] api-images - There are no files to upload
[2020-05-24T19:14:52.787] [INFO] api-images - UPLOAD CONTROLLER
[2020-05-24T19:14:52.789] [ERROR] api-images - There are no files to upload
[2020-05-24T19:14:59.166] [INFO] api-images - UPLOAD CONTROLLER
[2020-05-24T19:14:59.171] [INFO] api-images - Imagen 1590365699168-Captura de Pantalla 2020-03-16 a la(s) 13.55.43.png almacenada exitosamente en tmp
[2020-05-24T19:14:59.174] [INFO] api-images - La imagen de movio al directorio final
